==2861127== Cachegrind, a cache and branch-prediction profiler
==2861127== Copyright (C) 2002-2017, and GNU GPL'd, by Nicholas Nethercote et al.
==2861127== Using Valgrind-3.21.0 and LibVEX; rerun with -h for copyright info
==2861127== Command: ./tema3_neopt ../input/input_valgrind
==2861127== 
--2861127-- warning: L3 cache found, using its data for the LL simulation.
Run=./tema3_neopt: N=400: Time=18.364162
==2861127== 
==2861127== I refs:        4,463,031,209
==2861127== I1  misses:            1,660
==2861127== LLi misses:            1,588
==2861127== I1  miss rate:          0.00%
==2861127== LLi miss rate:          0.00%
==2861127== 
==2861127== D refs:        2,233,955,349  (2,133,369,109 rd   + 100,586,240 wr)
==2861127== D1  misses:       66,508,549  (   66,266,989 rd   +     241,560 wr)
==2861127== LLd misses:          153,278  (       62,174 rd   +      91,104 wr)
==2861127== D1  miss rate:           3.0% (          3.1%     +         0.2%  )
==2861127== LLd miss rate:           0.0% (          0.0%     +         0.1%  )
==2861127== 
==2861127== LL refs:          66,510,209  (   66,268,649 rd   +     241,560 wr)
==2861127== LL misses:           154,866  (       63,762 rd   +      91,104 wr)
==2861127== LL miss rate:            0.0% (          0.0%     +         0.1%  )
==2861127== 
==2861127== Branches:        101,814,130  (  101,573,462 cond +     240,668 ind)
==2861127== Mispredicts:         503,956  (      503,719 cond +         237 ind)
==2861127== Mispred rate:            0.5% (          0.5%     +         0.1%   )
