==2861152== Cachegrind, a cache and branch-prediction profiler
==2861152== Copyright (C) 2002-2017, and GNU GPL'd, by Nicholas Nethercote et al.
==2861152== Using Valgrind-3.21.0 and LibVEX; rerun with -h for copyright info
==2861152== Command: ./tema3_blas ../input/input_valgrind
==2861152== 
--2861152-- warning: L3 cache found, using its data for the LL simulation.
Run=./tema3_blas: N=400: Time=2.535166
==2861152== 
==2861152== I refs:        256,261,021
==2861152== I1  misses:         23,180
==2861152== LLi misses:          3,513
==2861152== I1  miss rate:        0.01%
==2861152== LLi miss rate:        0.00%
==2861152== 
==2861152== D refs:         99,039,506  (91,774,965 rd   + 7,264,541 wr)
==2861152== D1  misses:      1,774,006  ( 1,431,698 rd   +   342,308 wr)
==2861152== LLd misses:        140,178  (    11,746 rd   +   128,432 wr)
==2861152== D1  miss rate:         1.8% (       1.6%     +       4.7%  )
==2861152== LLd miss rate:         0.1% (       0.0%     +       1.8%  )
==2861152== 
==2861152== LL refs:         1,797,186  ( 1,454,878 rd   +   342,308 wr)
==2861152== LL misses:         143,691  (    15,259 rd   +   128,432 wr)
==2861152== LL miss rate:          0.0% (       0.0%     +       1.8%  )
==2861152== 
==2861152== Branches:        6,215,577  ( 5,961,269 cond +   254,308 ind)
==2861152== Mispredicts:        66,553  (    65,654 cond +       899 ind)
==2861152== Mispred rate:          1.1% (       1.1%     +       0.4%   )
