==2861176== Cachegrind, a cache and branch-prediction profiler
==2861176== Copyright (C) 2002-2017, and GNU GPL'd, by Nicholas Nethercote et al.
==2861176== Using Valgrind-3.21.0 and LibVEX; rerun with -h for copyright info
==2861176== Command: ./tema3_opt_m ../input/input_valgrind
==2861176== 
--2861176-- warning: L3 cache found, using its data for the LL simulation.
Run=./tema3_opt_m: N=400: Time=11.644394
Run=./tema3_opt_m: Bonus=0p
==2861176== 
==2861176== I refs:        2,189,746,700
==2861176== I1  misses:            1,680
==2861176== LLi misses:            1,604
==2861176== I1  miss rate:          0.00%
==2861176== LLi miss rate:          0.00%
==2861176== 
==2861176== D refs:        1,306,708,224  (1,300,881,424 rd   + 5,826,800 wr)
==2861176== D1  misses:      113,375,493  (  112,789,404 rd   +   586,089 wr)
==2861176== LLd misses:          153,279  (        2,174 rd   +   151,105 wr)
==2861176== D1  miss rate:           8.7% (          8.7%     +      10.1%  )
==2861176== LLd miss rate:           0.0% (          0.0%     +       2.6%  )
==2861176== 
==2861176== LL refs:         113,377,173  (  112,791,084 rd   +   586,089 wr)
==2861176== LL misses:           154,883  (        3,778 rd   +   151,105 wr)
==2861176== LL miss rate:            0.0% (          0.0%     +       2.6%  )
==2861176== 
==2861176== Branches:        134,431,037  (  134,190,352 cond +   240,685 ind)
==2861176== Mispredicts:         518,354  (      518,114 cond +       240 ind)
==2861176== Mispred rate:            0.4% (          0.4%     +       0.1%   )
